<?xml version="1.0" encoding="UTF-8"?>
<!-- Generated by org.testng.reporters.JUnitReportReporter -->
<testsuite hostname="DESKTOP-NUST68L" failures="0" tests="7" name="testngframework.E_TestNG_Testcase_Execution_Description_features" time="1.697" errors="1" timestamp="2025-05-27T07:15:21 IST" skipped="6">
  <testcase classname="testngframework.E_TestNG_Testcase_Execution_Description_features" name="gmail" time="0.000">
    <skipped/>
  </testcase> <!-- gmail -->
  <testcase classname="testngframework.E_TestNG_Testcase_Execution_Description_features" name="facebook" time="0.000">
    <skipped/>
  </testcase> <!-- facebook -->
  <testcase classname="testngframework.E_TestNG_Testcase_Execution_Description_features" name="selenium" time="0.000">
    <skipped/>
  </testcase> <!-- selenium -->
  <testcase classname="testngframework.E_TestNG_Testcase_Execution_Description_features" name="techlear" time="0.000">
    <skipped/>
  </testcase> <!-- techlear -->
  <testcase classname="testngframework.E_TestNG_Testcase_Execution_Description_features" name="beforeTest" time="1.697">
    <error message="Cannot invoke &quot;org.openqa.selenium.WebDriver.manage()&quot; because the return value of &quot;testngframework.E_TestNG_Testcase_Execution_Description_features.driver()&quot; is null" type="java.lang.NullPointerException">
      <![CDATA[java.lang.NullPointerException: Cannot invoke "org.openqa.selenium.WebDriver.manage()" because the return value of "testngframework.E_TestNG_Testcase_Execution_Description_features.driver()" is null
at testngframework.E_TestNG_Testcase_Execution_Description_features.beforeTest(E_TestNG_Testcase_Execution_Description_features.java:41)
at java.base/jdk.internal.reflect.DirectMethodHandleAccessor.invoke(DirectMethodHandleAccessor.java:103)
at java.base/java.lang.reflect.Method.invoke(Method.java:580)
at org.testng.internal.invokers.MethodInvocationHelper.invokeMethod(MethodInvocationHelper.java:141)
at org.testng.internal.invokers.MethodInvocationHelper.invokeMethodConsideringTimeout(MethodInvocationHelper.java:71)
at org.testng.internal.invokers.ConfigInvoker.invokeConfigurationMethod(ConfigInvoker.java:400)
at org.testng.internal.invokers.ConfigInvoker.invokeConfigurations(ConfigInvoker.java:333)
at org.testng.TestRunner.invokeTestConfigurations(TestRunner.java:657)
at org.testng.TestRunner.beforeRun(TestRunner.java:646)
at org.testng.TestRunner.run(TestRunner.java:612)
at org.testng.SuiteRunner.runTest(SuiteRunner.java:421)
at org.testng.SuiteRunner.runSequentially(SuiteRunner.java:413)
at org.testng.SuiteRunner.privateRun(SuiteRunner.java:373)
at org.testng.SuiteRunner.run(SuiteRunner.java:312)
at org.testng.SuiteRunnerWorker.runSuite(SuiteRunnerWorker.java:52)
at org.testng.SuiteRunnerWorker.run(SuiteRunnerWorker.java:95)
at org.testng.TestNG.runSuitesSequentially(TestNG.java:1274)
at org.testng.TestNG.runSuitesLocally(TestNG.java:1208)
at org.testng.TestNG.runSuites(TestNG.java:1112)
at org.testng.TestNG.run(TestNG.java:1079)
at org.testng.remote.AbstractRemoteTestNG.run(AbstractRemoteTestNG.java:115)
at org.testng.remote.RemoteTestNG.initAndRun(RemoteTestNG.java:293)
at org.testng.remote.RemoteTestNG.main(RemoteTestNG.java:91)
]]>
    </error>
  </testcase> <!-- beforeTest -->
  <testcase classname="testngframework.E_TestNG_Testcase_Execution_Description_features" name="zomato" time="0.000">
    <skipped/>
  </testcase> <!-- zomato -->
  <testcase classname="testngframework.E_TestNG_Testcase_Execution_Description_features" name="google1" time="0.000">
    <skipped/>
  </testcase> <!-- google1 -->
</testsuite> <!-- testngframework.E_TestNG_Testcase_Execution_Description_features -->
